0 info it worked if it ends with ok
1 verbose cli [ '/Users/sunfuze/.nvm/versions/node/v6.7.0/bin/node',
1 verbose cli   '/Users/sunfuze/.nvm/versions/node/v6.7.0/bin/npm',
1 verbose cli   'run',
1 verbose cli   'pub' ]
2 info using npm@3.10.3
3 info using node@v6.7.0
4 verbose run-script [ 'prepub', 'pub', 'postpub' ]
5 info lifecycle sweet-config@1.0.0~prepub: sweet-config@1.0.0
6 silly lifecycle sweet-config@1.0.0~prepub: no script for prepub, continuing
7 info lifecycle sweet-config@1.0.0~pub: sweet-config@1.0.0
8 verbose lifecycle sweet-config@1.0.0~pub: unsafe-perm in lifecycle true
9 verbose lifecycle sweet-config@1.0.0~pub: PATH: /Users/sunfuze/.nvm/versions/node/v6.7.0/lib/node_modules/npm/bin/node-gyp-bin:/Users/sunfuze/workspace/sweet-config/node_modules/.bin:/Users/sunfuze/.nvm/versions/node/v6.7.0/bin:/Users/sunfuze/.nvm/versions/node/v6.7.0/bin:/usr/local/bin:/usr/bin:/bin:/usr/sbin:/sbin:/opt/X11/bin:/Library/TeX/texbin
10 verbose lifecycle sweet-config@1.0.0~pub: CWD: /Users/sunfuze/workspace/sweet-config
11 silly lifecycle sweet-config@1.0.0~pub: Args: [ '-c', 'npm publish --registry  https://registry.npmjs.org' ]
12 silly lifecycle sweet-config@1.0.0~pub: Returned: code: 1  signal: null
13 info lifecycle sweet-config@1.0.0~pub: Failed to exec pub script
14 verbose stack Error: sweet-config@1.0.0 pub: `npm publish --registry  https://registry.npmjs.org`
14 verbose stack Exit status 1
14 verbose stack     at EventEmitter.<anonymous> (/Users/sunfuze/.nvm/versions/node/v6.7.0/lib/node_modules/npm/lib/utils/lifecycle.js:242:16)
14 verbose stack     at emitTwo (events.js:106:13)
14 verbose stack     at EventEmitter.emit (events.js:191:7)
14 verbose stack     at ChildProcess.<anonymous> (/Users/sunfuze/.nvm/versions/node/v6.7.0/lib/node_modules/npm/lib/utils/spawn.js:40:14)
14 verbose stack     at emitTwo (events.js:106:13)
14 verbose stack     at ChildProcess.emit (events.js:191:7)
14 verbose stack     at maybeClose (internal/child_process.js:877:16)
14 verbose stack     at Process.ChildProcess._handle.onexit (internal/child_process.js:226:5)
15 verbose pkgid sweet-config@1.0.0
16 verbose cwd /Users/sunfuze/workspace/sweet-config
17 error Darwin 16.4.0
18 error argv "/Users/sunfuze/.nvm/versions/node/v6.7.0/bin/node" "/Users/sunfuze/.nvm/versions/node/v6.7.0/bin/npm" "run" "pub"
19 error node v6.7.0
20 error npm  v3.10.3
21 error code ELIFECYCLE
22 error sweet-config@1.0.0 pub: `npm publish --registry  https://registry.npmjs.org`
22 error Exit status 1
23 error Failed at the sweet-config@1.0.0 pub script 'npm publish --registry  https://registry.npmjs.org'.
23 error Make sure you have the latest version of node.js and npm installed.
23 error If you do, this is most likely a problem with the sweet-config package,
23 error not with npm itself.
23 error Tell the author that this fails on your system:
23 error     npm publish --registry  https://registry.npmjs.org
23 error You can get information on how to open an issue for this project with:
23 error     npm bugs sweet-config
23 error Or if that isn't available, you can get their info via:
23 error     npm owner ls sweet-config
23 error There is likely additional logging output above.
24 verbose exit [ 1, true ]
